<?xml version="1.0" encoding="UTF-8"?>
<testng-results ignored="0" total="1" passed="1" failed="0" skipped="0">
  <reporter-output>
  </reporter-output>
  <suite started-at="2024-10-24T10:40:23 EDT" name="Surefire suite" finished-at="2024-10-24T10:46:11 EDT" duration-ms="347871">
    <groups>
    </groups>
    <test started-at="2024-10-24T10:40:23 EDT" name="Surefire test" finished-at="2024-10-24T10:46:11 EDT" duration-ms="347871">
      <class name="aa.AmericanAirlinesTest">
        <test-method is-config="true" signature="before()[pri:0, instance:aa.AmericanAirlinesTest@124c278f]" started-at="2024-10-24T10:40:23 EDT" name="before" finished-at="2024-10-24T10:40:24 EDT" duration-ms="1300" status="PASS">
          <reporter-output>
          </reporter-output>
        </test-method> <!-- before -->
        <test-method signature="searchTest(java.lang.String,java.lang.String,java.lang.String,java.lang.String)[pri:0, instance:aa.AmericanAirlinesTest@124c278f]" started-at="2024-10-24T10:40:24 EDT" name="searchTest" data-provider="getData" finished-at="2024-10-24T10:46:11 EDT" duration-ms="346396" status="PASS">
          <params>
            <param index="0">
              <value>
                <![CDATA[SFO]]>
              </value>
            </param>
            <param index="1">
              <value>
                <![CDATA[LGA]]>
              </value>
            </param>
            <param index="2">
              <value>
                <![CDATA[3]]>
              </value>
            </param>
            <param index="3">
              <value>
                <![CDATA[12/25/2024]]>
              </value>
            </param>
          </params>
          <reporter-output>
          </reporter-output>
        </test-method> <!-- searchTest -->
        <test-method is-config="true" signature="after()[pri:0, instance:aa.AmericanAirlinesTest@124c278f]" started-at="2024-10-24T10:46:11 EDT" name="after" finished-at="2024-10-24T10:46:11 EDT" duration-ms="160" status="PASS">
          <reporter-output>
          </reporter-output>
        </test-method> <!-- after -->
      </class> <!-- aa.AmericanAirlinesTest -->
    </test> <!-- Surefire test -->
  </suite> <!-- Surefire suite -->
</testng-results>
